[0.021s] Invoking command in '/home/ws/src/Overlord100-PathPlanner/build/dynamixel_sdk_custom_interfaces': /usr/bin/cmake /home/ws/src/Overlord100-PathPlanner/src/utils/DynamixelSDK/dynamixel_sdk_custom_interfaces -DCMAKE_INSTALL_PREFIX=/home/ws/src/Overlord100-PathPlanner/install/dynamixel_sdk_custom_interfaces
[0.293s] -- The C compiler identification is GNU 11.4.0
[0.301s] -- The CXX compiler identification is GNU 11.4.0
[0.306s] -- Detecting C compiler ABI info
[0.402s] -- Detecting C compiler ABI info - done
[0.415s] -- Check for working C compiler: /usr/bin/cc - skipped
[0.415s] -- Detecting C compile features
[0.416s] -- Detecting C compile features - done
[0.420s] -- Detecting CXX compiler ABI info
[0.552s] -- Detecting CXX compiler ABI info - done
[0.565s] -- Check for working CXX compiler: /usr/bin/c++ - skipped
[0.565s] -- Detecting CXX compile features
[0.566s] -- Detecting CXX compile features - done
[0.597s] [31mCMake Error at CMakeLists.txt:14 (find_package):
[0.597s]   By not providing "Findament_cmake.cmake" in CMAKE_MODULE_PATH this project
[0.598s]   has asked CMake to find a package configuration file provided by
[0.598s]   "ament_cmake", but CMake did not find one.
[0.598s] 
[0.598s]   Could not find a package configuration file provided by "ament_cmake" with
[0.598s]   any of the following names:
[0.598s] 
[0.598s]     ament_cmakeConfig.cmake
[0.598s]     ament_cmake-config.cmake
[0.598s] 
[0.599s]   Add the installation prefix of "ament_cmake" to CMAKE_PREFIX_PATH or set
[0.599s]   "ament_cmake_DIR" to a directory containing one of the above files.  If
[0.599s]   "ament_cmake" provides a separate development package or SDK, be sure it
[0.599s]   has been installed.
[0.600s] 
[0.600s] [0m
[0.605s] -- Configuring incomplete, errors occurred!
[0.606s] See also "/home/ws/src/Overlord100-PathPlanner/build/dynamixel_sdk_custom_interfaces/CMakeFiles/CMakeOutput.log".
[0.613s] Invoked command in '/home/ws/src/Overlord100-PathPlanner/build/dynamixel_sdk_custom_interfaces' returned '1': /usr/bin/cmake /home/ws/src/Overlord100-PathPlanner/src/utils/DynamixelSDK/dynamixel_sdk_custom_interfaces -DCMAKE_INSTALL_PREFIX=/home/ws/src/Overlord100-PathPlanner/install/dynamixel_sdk_custom_interfaces
