[0.019s] Invoking command in '/home/ws/src/Overlord100-PathPlanner/build/dynamixel_sdk': /usr/bin/cmake /home/ws/src/Overlord100-PathPlanner/src/utils/DynamixelSDK/dynamixel_sdk -DCMAKE_INSTALL_PREFIX=/home/ws/src/Overlord100-PathPlanner/install/dynamixel_sdk
[0.292s] -- The C compiler identification is GNU 11.4.0
[0.293s] -- The CXX compiler identification is GNU 11.4.0
[0.305s] -- Detecting C compiler ABI info
[0.405s] -- Detecting C compiler ABI info - done
[0.419s] -- Check for working C compiler: /usr/bin/cc - skipped
[0.419s] -- Detecting C compile features
[0.420s] -- Detecting C compile features - done
[0.425s] -- Detecting CXX compiler ABI info
[0.551s] -- Detecting CXX compiler ABI info - done
[0.565s] -- Check for working CXX compiler: /usr/bin/c++ - skipped
[0.566s] -- Detecting CXX compile features
[0.567s] -- Detecting CXX compile features - done
[0.584s] [31mCMake Error at CMakeLists.txt:18 (find_package):
[0.584s]   By not providing "Findament_cmake.cmake" in CMAKE_MODULE_PATH this project
[0.584s]   has asked CMake to find a package configuration file provided by
[0.584s]   "ament_cmake", but CMake did not find one.
[0.584s] 
[0.584s]   Could not find a package configuration file provided by "ament_cmake" with
[0.584s]   any of the following names:
[0.585s] 
[0.585s]     ament_cmakeConfig.cmake
[0.585s]     ament_cmake-config.cmake
[0.585s] 
[0.585s]   Add the installation prefix of "ament_cmake" to CMAKE_PREFIX_PATH or set
[0.585s]   "ament_cmake_DIR" to a directory containing one of the above files.  If
[0.585s]   "ament_cmake" provides a separate development package or SDK, be sure it
[0.585s]   has been installed.
[0.585s] 
[0.585s] [0m
[0.585s] -- Configuring incomplete, errors occurred!
[0.586s] See also "/home/ws/src/Overlord100-PathPlanner/build/dynamixel_sdk/CMakeFiles/CMakeOutput.log".
[0.613s] Invoked command in '/home/ws/src/Overlord100-PathPlanner/build/dynamixel_sdk' returned '1': /usr/bin/cmake /home/ws/src/Overlord100-PathPlanner/src/utils/DynamixelSDK/dynamixel_sdk -DCMAKE_INSTALL_PREFIX=/home/ws/src/Overlord100-PathPlanner/install/dynamixel_sdk
