[0.020s] Invoking command in '/home/ws/src/Overlord100-PathPlanner/build/turtlebot3_msgs': /usr/bin/cmake /home/ws/src/Overlord100-PathPlanner/src/turtlebot3/turtlebot3_msgs -DCMAKE_INSTALL_PREFIX=/home/ws/src/Overlord100-PathPlanner/install/turtlebot3_msgs
[0.293s] -- The C compiler identification is GNU 11.4.0
[0.306s] -- The CXX compiler identification is GNU 11.4.0
[0.315s] -- Detecting C compiler ABI info
[0.398s] -- Detecting C compiler ABI info - done
[0.406s] -- Check for working C compiler: /usr/bin/cc - skipped
[0.407s] -- Detecting C compile features
[0.409s] -- Detecting C compile features - done
[0.415s] -- Detecting CXX compiler ABI info
[0.558s] -- Detecting CXX compiler ABI info - done
[0.573s] -- Check for working CXX compiler: /usr/bin/c++ - skipped
[0.573s] -- Detecting CXX compile features
[0.574s] -- Detecting CXX compile features - done
[0.608s] [31mCMake Error at CMakeLists.txt:18 (find_package):
[0.608s]   By not providing "Findaction_msgs.cmake" in CMAKE_MODULE_PATH this project
[0.608s]   has asked CMake to find a package configuration file provided by
[0.608s]   "action_msgs", but CMake did not find one.
[0.608s] 
[0.608s]   Could not find a package configuration file provided by "action_msgs" with
[0.609s]   any of the following names:
[0.609s] 
[0.610s]     action_msgsConfig.cmake
[0.610s]     action_msgs-config.cmake
[0.610s] 
[0.610s]   Add the installation prefix of "action_msgs" to CMAKE_PREFIX_PATH or set
[0.610s]   "action_msgs_DIR" to a directory containing one of the above files.  If
[0.611s]   "action_msgs" provides a separate development package or SDK, be sure it
[0.611s]   has been installed.
[0.611s] 
[0.612s] [0m
[0.614s] -- Configuring incomplete, errors occurred!
[0.614s] See also "/home/ws/src/Overlord100-PathPlanner/build/turtlebot3_msgs/CMakeFiles/CMakeOutput.log".
[0.621s] Invoked command in '/home/ws/src/Overlord100-PathPlanner/build/turtlebot3_msgs' returned '1': /usr/bin/cmake /home/ws/src/Overlord100-PathPlanner/src/turtlebot3/turtlebot3_msgs -DCMAKE_INSTALL_PREFIX=/home/ws/src/Overlord100-PathPlanner/install/turtlebot3_msgs
