[0.696s] DEBUG:colcon:Command line arguments: ['/usr/bin/colcon', 'list', '-p', '--base-paths', '/home/rizo/SoftOverlord100/Overlord100-PathPlanner']
[0.696s] DEBUG:colcon:Parsed command line arguments: Namespace(log_base=None, log_level=None, verb_name='list', build_base='build', ignore_user_meta=False, metas=['./colcon.meta'], base_paths=['/home/rizo/SoftOverlord100/Overlord100-PathPlanner'], packages_ignore=None, packages_ignore_regex=None, paths=None, packages_up_to=None, packages_up_to_regex=None, packages_above=None, packages_above_and_dependencies=None, packages_above_depth=None, packages_select_by_dep=None, packages_skip_by_dep=None, packages_skip_up_to=None, packages_select_build_failed=False, packages_skip_build_finished=False, packages_select_test_failures=False, packages_skip_test_passed=False, packages_select=None, packages_skip=None, packages_select_regex=None, packages_skip_regex=None, packages_start=None, packages_end=None, allow_overriding=[], topological_order=False, names_only=False, paths_only=True, topological_graph=False, topological_graph_dot=False, topological_graph_density=False, topological_graph_legend=False, topological_graph_dot_cluster=False, topological_graph_dot_include_skipped=False, verb_parser=<colcon_defaults.argument_parser.defaults.DefaultArgumentsDecorator object at 0x7ece0f254ca0>, verb_extension=<colcon_package_information.verb.list.ListVerb object at 0x7ece0f35d150>, main=<bound method ListVerb.main of <colcon_package_information.verb.list.ListVerb object at 0x7ece0f35d150>>)
[1.814s] Level 1:colcon.colcon_core.package_discovery:discover_packages(colcon_meta) check parameters
[1.815s] Level 1:colcon.colcon_core.package_discovery:discover_packages(recursive) check parameters
[1.815s] Level 1:colcon.colcon_core.package_discovery:discover_packages(ignore) check parameters
[1.815s] Level 1:colcon.colcon_core.package_discovery:discover_packages(path) check parameters
[1.815s] Level 1:colcon.colcon_core.package_discovery:discover_packages(recursive) discover
[1.815s] INFO:colcon.colcon_core.package_discovery:Crawling recursively for packages in '/home/rizo/SoftOverlord100/Overlord100-PathPlanner'
[1.816s] Level 1:colcon.colcon_core.package_identification:_identify(/home/rizo/SoftOverlord100/Overlord100-PathPlanner) by extensions ['ignore', 'ignore_ament_install']
[1.816s] Level 1:colcon.colcon_core.package_identification:_identify(/home/rizo/SoftOverlord100/Overlord100-PathPlanner) by extension 'ignore'
[1.817s] Level 1:colcon.colcon_core.package_identification:_identify(/home/rizo/SoftOverlord100/Overlord100-PathPlanner) by extension 'ignore_ament_install'
[1.818s] Level 1:colcon.colcon_core.package_identification:_identify(/home/rizo/SoftOverlord100/Overlord100-PathPlanner) by extensions ['colcon_pkg']
[1.819s] Level 1:colcon.colcon_core.package_identification:_identify(/home/rizo/SoftOverlord100/Overlord100-PathPlanner) by extension 'colcon_pkg'
[1.820s] Level 1:colcon.colcon_core.package_identification:_identify(/home/rizo/SoftOverlord100/Overlord100-PathPlanner) by extensions ['colcon_meta']
[1.821s] Level 1:colcon.colcon_core.package_identification:_identify(/home/rizo/SoftOverlord100/Overlord100-PathPlanner) by extension 'colcon_meta'
[1.822s] Level 1:colcon.colcon_core.package_identification:_identify(/home/rizo/SoftOverlord100/Overlord100-PathPlanner) by extensions ['ros']
[1.823s] Level 1:colcon.colcon_core.package_identification:_identify(/home/rizo/SoftOverlord100/Overlord100-PathPlanner) by extension 'ros'
[1.881s] Level 1:colcon.colcon_core.package_identification:_identify(/home/rizo/SoftOverlord100/Overlord100-PathPlanner) by extensions ['cmake', 'python']
[1.883s] Level 1:colcon.colcon_core.package_identification:_identify(/home/rizo/SoftOverlord100/Overlord100-PathPlanner) by extension 'cmake'
[1.883s] Level 1:colcon.colcon_core.package_identification:_identify(/home/rizo/SoftOverlord100/Overlord100-PathPlanner) by extension 'python'
[1.884s] Level 1:colcon.colcon_core.package_identification:_identify(/home/rizo/SoftOverlord100/Overlord100-PathPlanner) by extensions ['python_setup_py']
[1.886s] Level 1:colcon.colcon_core.package_identification:_identify(/home/rizo/SoftOverlord100/Overlord100-PathPlanner) by extension 'python_setup_py'
[1.886s] Level 1:colcon.colcon_core.package_identification:_identify(/home/rizo/SoftOverlord100/Overlord100-PathPlanner/build) by extensions ['ignore', 'ignore_ament_install']
[1.887s] Level 1:colcon.colcon_core.package_identification:_identify(/home/rizo/SoftOverlord100/Overlord100-PathPlanner/build) by extension 'ignore'
[1.888s] Level 1:colcon.colcon_core.package_identification:_identify(/home/rizo/SoftOverlord100/Overlord100-PathPlanner/build) ignored
[1.889s] Level 1:colcon.colcon_core.package_identification:_identify(/home/rizo/SoftOverlord100/Overlord100-PathPlanner/install) by extensions ['ignore', 'ignore_ament_install']
[1.890s] Level 1:colcon.colcon_core.package_identification:_identify(/home/rizo/SoftOverlord100/Overlord100-PathPlanner/install) by extension 'ignore'
[1.891s] Level 1:colcon.colcon_core.package_identification:_identify(/home/rizo/SoftOverlord100/Overlord100-PathPlanner/install) ignored
[1.893s] Level 1:colcon.colcon_core.package_identification:_identify(/home/rizo/SoftOverlord100/Overlord100-PathPlanner/log) by extensions ['ignore', 'ignore_ament_install']
[1.894s] Level 1:colcon.colcon_core.package_identification:_identify(/home/rizo/SoftOverlord100/Overlord100-PathPlanner/log) by extension 'ignore'
[1.895s] Level 1:colcon.colcon_core.package_identification:_identify(/home/rizo/SoftOverlord100/Overlord100-PathPlanner/log) ignored
[1.895s] Level 1:colcon.colcon_core.package_identification:_identify(/home/rizo/SoftOverlord100/Overlord100-PathPlanner/src) by extensions ['ignore', 'ignore_ament_install']
[1.896s] Level 1:colcon.colcon_core.package_identification:_identify(/home/rizo/SoftOverlord100/Overlord100-PathPlanner/src) by extension 'ignore'
[1.897s] Level 1:colcon.colcon_core.package_identification:_identify(/home/rizo/SoftOverlord100/Overlord100-PathPlanner/src) by extension 'ignore_ament_install'
[1.898s] Level 1:colcon.colcon_core.package_identification:_identify(/home/rizo/SoftOverlord100/Overlord100-PathPlanner/src) by extensions ['colcon_pkg']
[1.898s] Level 1:colcon.colcon_core.package_identification:_identify(/home/rizo/SoftOverlord100/Overlord100-PathPlanner/src) by extension 'colcon_pkg'
[1.899s] Level 1:colcon.colcon_core.package_identification:_identify(/home/rizo/SoftOverlord100/Overlord100-PathPlanner/src) by extensions ['colcon_meta']
[1.900s] Level 1:colcon.colcon_core.package_identification:_identify(/home/rizo/SoftOverlord100/Overlord100-PathPlanner/src) by extension 'colcon_meta'
[1.900s] Level 1:colcon.colcon_core.package_identification:_identify(/home/rizo/SoftOverlord100/Overlord100-PathPlanner/src) by extensions ['ros']
[1.901s] Level 1:colcon.colcon_core.package_identification:_identify(/home/rizo/SoftOverlord100/Overlord100-PathPlanner/src) by extension 'ros'
[1.902s] Level 1:colcon.colcon_core.package_identification:_identify(/home/rizo/SoftOverlord100/Overlord100-PathPlanner/src) by extensions ['cmake', 'python']
[1.902s] Level 1:colcon.colcon_core.package_identification:_identify(/home/rizo/SoftOverlord100/Overlord100-PathPlanner/src) by extension 'cmake'
[1.903s] Level 1:colcon.colcon_core.package_identification:_identify(/home/rizo/SoftOverlord100/Overlord100-PathPlanner/src) by extension 'python'
[1.906s] Level 1:colcon.colcon_core.package_identification:_identify(/home/rizo/SoftOverlord100/Overlord100-PathPlanner/src) by extensions ['python_setup_py']
[1.910s] Level 1:colcon.colcon_core.package_identification:_identify(/home/rizo/SoftOverlord100/Overlord100-PathPlanner/src) by extension 'python_setup_py'
[1.911s] Level 1:colcon.colcon_core.package_identification:_identify(/home/rizo/SoftOverlord100/Overlord100-PathPlanner/src/turtlebot3) by extensions ['ignore', 'ignore_ament_install']
[1.912s] Level 1:colcon.colcon_core.package_identification:_identify(/home/rizo/SoftOverlord100/Overlord100-PathPlanner/src/turtlebot3) by extension 'ignore'
[1.913s] Level 1:colcon.colcon_core.package_identification:_identify(/home/rizo/SoftOverlord100/Overlord100-PathPlanner/src/turtlebot3) by extension 'ignore_ament_install'
[1.914s] Level 1:colcon.colcon_core.package_identification:_identify(/home/rizo/SoftOverlord100/Overlord100-PathPlanner/src/turtlebot3) by extensions ['colcon_pkg']
[1.915s] Level 1:colcon.colcon_core.package_identification:_identify(/home/rizo/SoftOverlord100/Overlord100-PathPlanner/src/turtlebot3) by extension 'colcon_pkg'
[1.918s] Level 1:colcon.colcon_core.package_identification:_identify(/home/rizo/SoftOverlord100/Overlord100-PathPlanner/src/turtlebot3) by extensions ['colcon_meta']
[1.919s] Level 1:colcon.colcon_core.package_identification:_identify(/home/rizo/SoftOverlord100/Overlord100-PathPlanner/src/turtlebot3) by extension 'colcon_meta'
[1.921s] Level 1:colcon.colcon_core.package_identification:_identify(/home/rizo/SoftOverlord100/Overlord100-PathPlanner/src/turtlebot3) by extensions ['ros']
[1.922s] Level 1:colcon.colcon_core.package_identification:_identify(/home/rizo/SoftOverlord100/Overlord100-PathPlanner/src/turtlebot3) by extension 'ros'
[1.924s] Level 1:colcon.colcon_core.package_identification:_identify(/home/rizo/SoftOverlord100/Overlord100-PathPlanner/src/turtlebot3) by extensions ['cmake', 'python']
[1.925s] Level 1:colcon.colcon_core.package_identification:_identify(/home/rizo/SoftOverlord100/Overlord100-PathPlanner/src/turtlebot3) by extension 'cmake'
[1.926s] Level 1:colcon.colcon_core.package_identification:_identify(/home/rizo/SoftOverlord100/Overlord100-PathPlanner/src/turtlebot3) by extension 'python'
[1.926s] Level 1:colcon.colcon_core.package_identification:_identify(/home/rizo/SoftOverlord100/Overlord100-PathPlanner/src/turtlebot3) by extensions ['python_setup_py']
[1.927s] Level 1:colcon.colcon_core.package_identification:_identify(/home/rizo/SoftOverlord100/Overlord100-PathPlanner/src/turtlebot3) by extension 'python_setup_py'
[1.929s] Level 1:colcon.colcon_core.package_identification:_identify(/home/rizo/SoftOverlord100/Overlord100-PathPlanner/src/turtlebot3/turtlebot3) by extensions ['ignore', 'ignore_ament_install']
[1.929s] Level 1:colcon.colcon_core.package_identification:_identify(/home/rizo/SoftOverlord100/Overlord100-PathPlanner/src/turtlebot3/turtlebot3) by extension 'ignore'
[1.931s] Level 1:colcon.colcon_core.package_identification:_identify(/home/rizo/SoftOverlord100/Overlord100-PathPlanner/src/turtlebot3/turtlebot3) by extension 'ignore_ament_install'
[1.932s] Level 1:colcon.colcon_core.package_identification:_identify(/home/rizo/SoftOverlord100/Overlord100-PathPlanner/src/turtlebot3/turtlebot3) by extensions ['colcon_pkg']
[1.933s] Level 1:colcon.colcon_core.package_identification:_identify(/home/rizo/SoftOverlord100/Overlord100-PathPlanner/src/turtlebot3/turtlebot3) by extension 'colcon_pkg'
[1.934s] Level 1:colcon.colcon_core.package_identification:_identify(/home/rizo/SoftOverlord100/Overlord100-PathPlanner/src/turtlebot3/turtlebot3) by extensions ['colcon_meta']
[1.935s] Level 1:colcon.colcon_core.package_identification:_identify(/home/rizo/SoftOverlord100/Overlord100-PathPlanner/src/turtlebot3/turtlebot3) by extension 'colcon_meta'
[1.936s] Level 1:colcon.colcon_core.package_identification:_identify(/home/rizo/SoftOverlord100/Overlord100-PathPlanner/src/turtlebot3/turtlebot3) by extensions ['ros']
[1.937s] Level 1:colcon.colcon_core.package_identification:_identify(/home/rizo/SoftOverlord100/Overlord100-PathPlanner/src/turtlebot3/turtlebot3) by extension 'ros'
[1.938s] Level 1:colcon.colcon_core.package_identification:_identify(/home/rizo/SoftOverlord100/Overlord100-PathPlanner/src/turtlebot3/turtlebot3) by extensions ['cmake', 'python']
[1.939s] Level 1:colcon.colcon_core.package_identification:_identify(/home/rizo/SoftOverlord100/Overlord100-PathPlanner/src/turtlebot3/turtlebot3) by extension 'cmake'
[1.939s] Level 1:colcon.colcon_core.package_identification:_identify(/home/rizo/SoftOverlord100/Overlord100-PathPlanner/src/turtlebot3/turtlebot3) by extension 'python'
[1.940s] Level 1:colcon.colcon_core.package_identification:_identify(/home/rizo/SoftOverlord100/Overlord100-PathPlanner/src/turtlebot3/turtlebot3) by extensions ['python_setup_py']
[1.941s] Level 1:colcon.colcon_core.package_identification:_identify(/home/rizo/SoftOverlord100/Overlord100-PathPlanner/src/turtlebot3/turtlebot3) by extension 'python_setup_py'
[1.944s] Level 1:colcon.colcon_core.package_identification:_identify(/home/rizo/SoftOverlord100/Overlord100-PathPlanner/src/turtlebot3/turtlebot3/turtlebot3) by extensions ['ignore', 'ignore_ament_install']
[1.945s] Level 1:colcon.colcon_core.package_identification:_identify(/home/rizo/SoftOverlord100/Overlord100-PathPlanner/src/turtlebot3/turtlebot3/turtlebot3) by extension 'ignore'
[1.946s] Level 1:colcon.colcon_core.package_identification:_identify(/home/rizo/SoftOverlord100/Overlord100-PathPlanner/src/turtlebot3/turtlebot3/turtlebot3) by extension 'ignore_ament_install'
[1.948s] Level 1:colcon.colcon_core.package_identification:_identify(/home/rizo/SoftOverlord100/Overlord100-PathPlanner/src/turtlebot3/turtlebot3/turtlebot3) by extensions ['colcon_pkg']
[1.950s] Level 1:colcon.colcon_core.package_identification:_identify(/home/rizo/SoftOverlord100/Overlord100-PathPlanner/src/turtlebot3/turtlebot3/turtlebot3) by extension 'colcon_pkg'
[1.956s] Level 1:colcon.colcon_core.package_identification:_identify(/home/rizo/SoftOverlord100/Overlord100-PathPlanner/src/turtlebot3/turtlebot3/turtlebot3) by extensions ['colcon_meta']
[1.958s] Level 1:colcon.colcon_core.package_identification:_identify(/home/rizo/SoftOverlord100/Overlord100-PathPlanner/src/turtlebot3/turtlebot3/turtlebot3) by extension 'colcon_meta'
[1.965s] Level 1:colcon.colcon_core.package_identification:_identify(/home/rizo/SoftOverlord100/Overlord100-PathPlanner/src/turtlebot3/turtlebot3/turtlebot3) by extensions ['ros']
[1.968s] Level 1:colcon.colcon_core.package_identification:_identify(/home/rizo/SoftOverlord100/Overlord100-PathPlanner/src/turtlebot3/turtlebot3/turtlebot3) by extension 'ros'
[1.976s] DEBUG:colcon.colcon_core.package_identification:Package '/home/rizo/SoftOverlord100/Overlord100-PathPlanner/src/turtlebot3/turtlebot3/turtlebot3' with type 'ros.ament_cmake' and name 'turtlebot3'
[1.977s] Level 1:colcon.colcon_core.package_identification:_identify(/home/rizo/SoftOverlord100/Overlord100-PathPlanner/src/turtlebot3/turtlebot3/turtlebot3_bringup) by extensions ['ignore', 'ignore_ament_install']
[1.978s] Level 1:colcon.colcon_core.package_identification:_identify(/home/rizo/SoftOverlord100/Overlord100-PathPlanner/src/turtlebot3/turtlebot3/turtlebot3_bringup) by extension 'ignore'
[1.978s] Level 1:colcon.colcon_core.package_identification:_identify(/home/rizo/SoftOverlord100/Overlord100-PathPlanner/src/turtlebot3/turtlebot3/turtlebot3_bringup) by extension 'ignore_ament_install'
[1.979s] Level 1:colcon.colcon_core.package_identification:_identify(/home/rizo/SoftOverlord100/Overlord100-PathPlanner/src/turtlebot3/turtlebot3/turtlebot3_bringup) by extensions ['colcon_pkg']
[1.979s] Level 1:colcon.colcon_core.package_identification:_identify(/home/rizo/SoftOverlord100/Overlord100-PathPlanner/src/turtlebot3/turtlebot3/turtlebot3_bringup) by extension 'colcon_pkg'
[1.980s] Level 1:colcon.colcon_core.package_identification:_identify(/home/rizo/SoftOverlord100/Overlord100-PathPlanner/src/turtlebot3/turtlebot3/turtlebot3_bringup) by extensions ['colcon_meta']
[1.980s] Level 1:colcon.colcon_core.package_identification:_identify(/home/rizo/SoftOverlord100/Overlord100-PathPlanner/src/turtlebot3/turtlebot3/turtlebot3_bringup) by extension 'colcon_meta'
[1.980s] Level 1:colcon.colcon_core.package_identification:_identify(/home/rizo/SoftOverlord100/Overlord100-PathPlanner/src/turtlebot3/turtlebot3/turtlebot3_bringup) by extensions ['ros']
[1.981s] Level 1:colcon.colcon_core.package_identification:_identify(/home/rizo/SoftOverlord100/Overlord100-PathPlanner/src/turtlebot3/turtlebot3/turtlebot3_bringup) by extension 'ros'
[1.985s] DEBUG:colcon.colcon_core.package_identification:Package '/home/rizo/SoftOverlord100/Overlord100-PathPlanner/src/turtlebot3/turtlebot3/turtlebot3_bringup' with type 'ros.ament_cmake' and name 'turtlebot3_bringup'
[1.987s] Level 1:colcon.colcon_core.package_identification:_identify(/home/rizo/SoftOverlord100/Overlord100-PathPlanner/src/turtlebot3/turtlebot3/turtlebot3_cartographer) by extensions ['ignore', 'ignore_ament_install']
[1.989s] Level 1:colcon.colcon_core.package_identification:_identify(/home/rizo/SoftOverlord100/Overlord100-PathPlanner/src/turtlebot3/turtlebot3/turtlebot3_cartographer) by extension 'ignore'
[1.991s] Level 1:colcon.colcon_core.package_identification:_identify(/home/rizo/SoftOverlord100/Overlord100-PathPlanner/src/turtlebot3/turtlebot3/turtlebot3_cartographer) by extension 'ignore_ament_install'
[1.992s] Level 1:colcon.colcon_core.package_identification:_identify(/home/rizo/SoftOverlord100/Overlord100-PathPlanner/src/turtlebot3/turtlebot3/turtlebot3_cartographer) by extensions ['colcon_pkg']
[1.993s] Level 1:colcon.colcon_core.package_identification:_identify(/home/rizo/SoftOverlord100/Overlord100-PathPlanner/src/turtlebot3/turtlebot3/turtlebot3_cartographer) by extension 'colcon_pkg'
[1.994s] Level 1:colcon.colcon_core.package_identification:_identify(/home/rizo/SoftOverlord100/Overlord100-PathPlanner/src/turtlebot3/turtlebot3/turtlebot3_cartographer) by extensions ['colcon_meta']
[1.995s] Level 1:colcon.colcon_core.package_identification:_identify(/home/rizo/SoftOverlord100/Overlord100-PathPlanner/src/turtlebot3/turtlebot3/turtlebot3_cartographer) by extension 'colcon_meta'
[1.996s] Level 1:colcon.colcon_core.package_identification:_identify(/home/rizo/SoftOverlord100/Overlord100-PathPlanner/src/turtlebot3/turtlebot3/turtlebot3_cartographer) by extensions ['ros']
[1.997s] Level 1:colcon.colcon_core.package_identification:_identify(/home/rizo/SoftOverlord100/Overlord100-PathPlanner/src/turtlebot3/turtlebot3/turtlebot3_cartographer) by extension 'ros'
[1.998s] DEBUG:colcon.colcon_core.package_identification:Package '/home/rizo/SoftOverlord100/Overlord100-PathPlanner/src/turtlebot3/turtlebot3/turtlebot3_cartographer' with type 'ros.ament_cmake' and name 'turtlebot3_cartographer'
[1.999s] Level 1:colcon.colcon_core.package_identification:_identify(/home/rizo/SoftOverlord100/Overlord100-PathPlanner/src/turtlebot3/turtlebot3/turtlebot3_description) by extensions ['ignore', 'ignore_ament_install']
[2.000s] Level 1:colcon.colcon_core.package_identification:_identify(/home/rizo/SoftOverlord100/Overlord100-PathPlanner/src/turtlebot3/turtlebot3/turtlebot3_description) by extension 'ignore'
[2.000s] Level 1:colcon.colcon_core.package_identification:_identify(/home/rizo/SoftOverlord100/Overlord100-PathPlanner/src/turtlebot3/turtlebot3/turtlebot3_description) by extension 'ignore_ament_install'
[2.001s] Level 1:colcon.colcon_core.package_identification:_identify(/home/rizo/SoftOverlord100/Overlord100-PathPlanner/src/turtlebot3/turtlebot3/turtlebot3_description) by extensions ['colcon_pkg']
[2.001s] Level 1:colcon.colcon_core.package_identification:_identify(/home/rizo/SoftOverlord100/Overlord100-PathPlanner/src/turtlebot3/turtlebot3/turtlebot3_description) by extension 'colcon_pkg'
[2.002s] Level 1:colcon.colcon_core.package_identification:_identify(/home/rizo/SoftOverlord100/Overlord100-PathPlanner/src/turtlebot3/turtlebot3/turtlebot3_description) by extensions ['colcon_meta']
[2.002s] Level 1:colcon.colcon_core.package_identification:_identify(/home/rizo/SoftOverlord100/Overlord100-PathPlanner/src/turtlebot3/turtlebot3/turtlebot3_description) by extension 'colcon_meta'
[2.003s] Level 1:colcon.colcon_core.package_identification:_identify(/home/rizo/SoftOverlord100/Overlord100-PathPlanner/src/turtlebot3/turtlebot3/turtlebot3_description) by extensions ['ros']
[2.003s] Level 1:colcon.colcon_core.package_identification:_identify(/home/rizo/SoftOverlord100/Overlord100-PathPlanner/src/turtlebot3/turtlebot3/turtlebot3_description) by extension 'ros'
[2.005s] DEBUG:colcon.colcon_core.package_identification:Package '/home/rizo/SoftOverlord100/Overlord100-PathPlanner/src/turtlebot3/turtlebot3/turtlebot3_description' with type 'ros.ament_cmake' and name 'turtlebot3_description'
[2.006s] Level 1:colcon.colcon_core.package_identification:_identify(/home/rizo/SoftOverlord100/Overlord100-PathPlanner/src/turtlebot3/turtlebot3/turtlebot3_example) by extensions ['ignore', 'ignore_ament_install']
[2.007s] Level 1:colcon.colcon_core.package_identification:_identify(/home/rizo/SoftOverlord100/Overlord100-PathPlanner/src/turtlebot3/turtlebot3/turtlebot3_example) by extension 'ignore'
[2.008s] Level 1:colcon.colcon_core.package_identification:_identify(/home/rizo/SoftOverlord100/Overlord100-PathPlanner/src/turtlebot3/turtlebot3/turtlebot3_example) by extension 'ignore_ament_install'
[2.008s] Level 1:colcon.colcon_core.package_identification:_identify(/home/rizo/SoftOverlord100/Overlord100-PathPlanner/src/turtlebot3/turtlebot3/turtlebot3_example) by extensions ['colcon_pkg']
[2.010s] Level 1:colcon.colcon_core.package_identification:_identify(/home/rizo/SoftOverlord100/Overlord100-PathPlanner/src/turtlebot3/turtlebot3/turtlebot3_example) by extension 'colcon_pkg'
[2.012s] Level 1:colcon.colcon_core.package_identification:_identify(/home/rizo/SoftOverlord100/Overlord100-PathPlanner/src/turtlebot3/turtlebot3/turtlebot3_example) by extensions ['colcon_meta']
[2.013s] Level 1:colcon.colcon_core.package_identification:_identify(/home/rizo/SoftOverlord100/Overlord100-PathPlanner/src/turtlebot3/turtlebot3/turtlebot3_example) by extension 'colcon_meta'
[2.014s] Level 1:colcon.colcon_core.package_identification:_identify(/home/rizo/SoftOverlord100/Overlord100-PathPlanner/src/turtlebot3/turtlebot3/turtlebot3_example) by extensions ['ros']
[2.015s] Level 1:colcon.colcon_core.package_identification:_identify(/home/rizo/SoftOverlord100/Overlord100-PathPlanner/src/turtlebot3/turtlebot3/turtlebot3_example) by extension 'ros'
[2.019s] DEBUG:colcon.colcon_core.package_identification:Package '/home/rizo/SoftOverlord100/Overlord100-PathPlanner/src/turtlebot3/turtlebot3/turtlebot3_example' with type 'ros.ament_python' and name 'turtlebot3_example'
[2.020s] Level 1:colcon.colcon_core.package_identification:_identify(/home/rizo/SoftOverlord100/Overlord100-PathPlanner/src/turtlebot3/turtlebot3/turtlebot3_navigation2) by extensions ['ignore', 'ignore_ament_install']
[2.021s] Level 1:colcon.colcon_core.package_identification:_identify(/home/rizo/SoftOverlord100/Overlord100-PathPlanner/src/turtlebot3/turtlebot3/turtlebot3_navigation2) by extension 'ignore'
[2.022s] Level 1:colcon.colcon_core.package_identification:_identify(/home/rizo/SoftOverlord100/Overlord100-PathPlanner/src/turtlebot3/turtlebot3/turtlebot3_navigation2) by extension 'ignore_ament_install'
[2.024s] Level 1:colcon.colcon_core.package_identification:_identify(/home/rizo/SoftOverlord100/Overlord100-PathPlanner/src/turtlebot3/turtlebot3/turtlebot3_navigation2) by extensions ['colcon_pkg']
[2.026s] Level 1:colcon.colcon_core.package_identification:_identify(/home/rizo/SoftOverlord100/Overlord100-PathPlanner/src/turtlebot3/turtlebot3/turtlebot3_navigation2) by extension 'colcon_pkg'
[2.027s] Level 1:colcon.colcon_core.package_identification:_identify(/home/rizo/SoftOverlord100/Overlord100-PathPlanner/src/turtlebot3/turtlebot3/turtlebot3_navigation2) by extensions ['colcon_meta']
[2.028s] Level 1:colcon.colcon_core.package_identification:_identify(/home/rizo/SoftOverlord100/Overlord100-PathPlanner/src/turtlebot3/turtlebot3/turtlebot3_navigation2) by extension 'colcon_meta'
[2.029s] Level 1:colcon.colcon_core.package_identification:_identify(/home/rizo/SoftOverlord100/Overlord100-PathPlanner/src/turtlebot3/turtlebot3/turtlebot3_navigation2) by extensions ['ros']
[2.030s] Level 1:colcon.colcon_core.package_identification:_identify(/home/rizo/SoftOverlord100/Overlord100-PathPlanner/src/turtlebot3/turtlebot3/turtlebot3_navigation2) by extension 'ros'
[2.032s] DEBUG:colcon.colcon_core.package_identification:Package '/home/rizo/SoftOverlord100/Overlord100-PathPlanner/src/turtlebot3/turtlebot3/turtlebot3_navigation2' with type 'ros.ament_cmake' and name 'turtlebot3_navigation2'
[2.033s] Level 1:colcon.colcon_core.package_identification:_identify(/home/rizo/SoftOverlord100/Overlord100-PathPlanner/src/turtlebot3/turtlebot3/turtlebot3_node) by extensions ['ignore', 'ignore_ament_install']
[2.034s] Level 1:colcon.colcon_core.package_identification:_identify(/home/rizo/SoftOverlord100/Overlord100-PathPlanner/src/turtlebot3/turtlebot3/turtlebot3_node) by extension 'ignore'
[2.035s] Level 1:colcon.colcon_core.package_identification:_identify(/home/rizo/SoftOverlord100/Overlord100-PathPlanner/src/turtlebot3/turtlebot3/turtlebot3_node) by extension 'ignore_ament_install'
[2.037s] Level 1:colcon.colcon_core.package_identification:_identify(/home/rizo/SoftOverlord100/Overlord100-PathPlanner/src/turtlebot3/turtlebot3/turtlebot3_node) by extensions ['colcon_pkg']
[2.039s] Level 1:colcon.colcon_core.package_identification:_identify(/home/rizo/SoftOverlord100/Overlord100-PathPlanner/src/turtlebot3/turtlebot3/turtlebot3_node) by extension 'colcon_pkg'
[2.040s] Level 1:colcon.colcon_core.package_identification:_identify(/home/rizo/SoftOverlord100/Overlord100-PathPlanner/src/turtlebot3/turtlebot3/turtlebot3_node) by extensions ['colcon_meta']
[2.041s] Level 1:colcon.colcon_core.package_identification:_identify(/home/rizo/SoftOverlord100/Overlord100-PathPlanner/src/turtlebot3/turtlebot3/turtlebot3_node) by extension 'colcon_meta'
[2.042s] Level 1:colcon.colcon_core.package_identification:_identify(/home/rizo/SoftOverlord100/Overlord100-PathPlanner/src/turtlebot3/turtlebot3/turtlebot3_node) by extensions ['ros']
[2.044s] Level 1:colcon.colcon_core.package_identification:_identify(/home/rizo/SoftOverlord100/Overlord100-PathPlanner/src/turtlebot3/turtlebot3/turtlebot3_node) by extension 'ros'
[2.052s] DEBUG:colcon.colcon_core.package_identification:Package '/home/rizo/SoftOverlord100/Overlord100-PathPlanner/src/turtlebot3/turtlebot3/turtlebot3_node' with type 'ros.ament_cmake' and name 'turtlebot3_node'
[2.054s] Level 1:colcon.colcon_core.package_identification:_identify(/home/rizo/SoftOverlord100/Overlord100-PathPlanner/src/turtlebot3/turtlebot3/turtlebot3_teleop) by extensions ['ignore', 'ignore_ament_install']
[2.056s] Level 1:colcon.colcon_core.package_identification:_identify(/home/rizo/SoftOverlord100/Overlord100-PathPlanner/src/turtlebot3/turtlebot3/turtlebot3_teleop) by extension 'ignore'
[2.056s] Level 1:colcon.colcon_core.package_identification:_identify(/home/rizo/SoftOverlord100/Overlord100-PathPlanner/src/turtlebot3/turtlebot3/turtlebot3_teleop) by extension 'ignore_ament_install'
[2.057s] Level 1:colcon.colcon_core.package_identification:_identify(/home/rizo/SoftOverlord100/Overlord100-PathPlanner/src/turtlebot3/turtlebot3/turtlebot3_teleop) by extensions ['colcon_pkg']
[2.058s] Level 1:colcon.colcon_core.package_identification:_identify(/home/rizo/SoftOverlord100/Overlord100-PathPlanner/src/turtlebot3/turtlebot3/turtlebot3_teleop) by extension 'colcon_pkg'
[2.059s] Level 1:colcon.colcon_core.package_identification:_identify(/home/rizo/SoftOverlord100/Overlord100-PathPlanner/src/turtlebot3/turtlebot3/turtlebot3_teleop) by extensions ['colcon_meta']
[2.059s] Level 1:colcon.colcon_core.package_identification:_identify(/home/rizo/SoftOverlord100/Overlord100-PathPlanner/src/turtlebot3/turtlebot3/turtlebot3_teleop) by extension 'colcon_meta'
[2.060s] Level 1:colcon.colcon_core.package_identification:_identify(/home/rizo/SoftOverlord100/Overlord100-PathPlanner/src/turtlebot3/turtlebot3/turtlebot3_teleop) by extensions ['ros']
[2.060s] Level 1:colcon.colcon_core.package_identification:_identify(/home/rizo/SoftOverlord100/Overlord100-PathPlanner/src/turtlebot3/turtlebot3/turtlebot3_teleop) by extension 'ros'
[2.066s] DEBUG:colcon.colcon_core.package_identification:Package '/home/rizo/SoftOverlord100/Overlord100-PathPlanner/src/turtlebot3/turtlebot3/turtlebot3_teleop' with type 'ros.ament_python' and name 'turtlebot3_teleop'
[2.069s] Level 1:colcon.colcon_core.package_identification:_identify(/home/rizo/SoftOverlord100/Overlord100-PathPlanner/src/turtlebot3/turtlebot3_msgs) by extensions ['ignore', 'ignore_ament_install']
[2.072s] Level 1:colcon.colcon_core.package_identification:_identify(/home/rizo/SoftOverlord100/Overlord100-PathPlanner/src/turtlebot3/turtlebot3_msgs) by extension 'ignore'
[2.073s] Level 1:colcon.colcon_core.package_identification:_identify(/home/rizo/SoftOverlord100/Overlord100-PathPlanner/src/turtlebot3/turtlebot3_msgs) by extension 'ignore_ament_install'
[2.075s] Level 1:colcon.colcon_core.package_identification:_identify(/home/rizo/SoftOverlord100/Overlord100-PathPlanner/src/turtlebot3/turtlebot3_msgs) by extensions ['colcon_pkg']
[2.076s] Level 1:colcon.colcon_core.package_identification:_identify(/home/rizo/SoftOverlord100/Overlord100-PathPlanner/src/turtlebot3/turtlebot3_msgs) by extension 'colcon_pkg'
[2.077s] Level 1:colcon.colcon_core.package_identification:_identify(/home/rizo/SoftOverlord100/Overlord100-PathPlanner/src/turtlebot3/turtlebot3_msgs) by extensions ['colcon_meta']
[2.080s] Level 1:colcon.colcon_core.package_identification:_identify(/home/rizo/SoftOverlord100/Overlord100-PathPlanner/src/turtlebot3/turtlebot3_msgs) by extension 'colcon_meta'
[2.081s] Level 1:colcon.colcon_core.package_identification:_identify(/home/rizo/SoftOverlord100/Overlord100-PathPlanner/src/turtlebot3/turtlebot3_msgs) by extensions ['ros']
[2.083s] Level 1:colcon.colcon_core.package_identification:_identify(/home/rizo/SoftOverlord100/Overlord100-PathPlanner/src/turtlebot3/turtlebot3_msgs) by extension 'ros'
[2.093s] DEBUG:colcon.colcon_core.package_identification:Package '/home/rizo/SoftOverlord100/Overlord100-PathPlanner/src/turtlebot3/turtlebot3_msgs' with type 'ros.ament_cmake' and name 'turtlebot3_msgs'
[2.097s] Level 1:colcon.colcon_core.package_identification:_identify(/home/rizo/SoftOverlord100/Overlord100-PathPlanner/src/turtlebot3/turtlebot3_simulations) by extensions ['ignore', 'ignore_ament_install']
[2.100s] Level 1:colcon.colcon_core.package_identification:_identify(/home/rizo/SoftOverlord100/Overlord100-PathPlanner/src/turtlebot3/turtlebot3_simulations) by extension 'ignore'
[2.102s] Level 1:colcon.colcon_core.package_identification:_identify(/home/rizo/SoftOverlord100/Overlord100-PathPlanner/src/turtlebot3/turtlebot3_simulations) by extension 'ignore_ament_install'
[2.103s] Level 1:colcon.colcon_core.package_identification:_identify(/home/rizo/SoftOverlord100/Overlord100-PathPlanner/src/turtlebot3/turtlebot3_simulations) by extensions ['colcon_pkg']
[2.104s] Level 1:colcon.colcon_core.package_identification:_identify(/home/rizo/SoftOverlord100/Overlord100-PathPlanner/src/turtlebot3/turtlebot3_simulations) by extension 'colcon_pkg'
[2.105s] Level 1:colcon.colcon_core.package_identification:_identify(/home/rizo/SoftOverlord100/Overlord100-PathPlanner/src/turtlebot3/turtlebot3_simulations) by extensions ['colcon_meta']
[2.106s] Level 1:colcon.colcon_core.package_identification:_identify(/home/rizo/SoftOverlord100/Overlord100-PathPlanner/src/turtlebot3/turtlebot3_simulations) by extension 'colcon_meta'
[2.107s] Level 1:colcon.colcon_core.package_identification:_identify(/home/rizo/SoftOverlord100/Overlord100-PathPlanner/src/turtlebot3/turtlebot3_simulations) by extensions ['ros']
[2.107s] Level 1:colcon.colcon_core.package_identification:_identify(/home/rizo/SoftOverlord100/Overlord100-PathPlanner/src/turtlebot3/turtlebot3_simulations) by extension 'ros'
[2.110s] Level 1:colcon.colcon_core.package_identification:_identify(/home/rizo/SoftOverlord100/Overlord100-PathPlanner/src/turtlebot3/turtlebot3_simulations) by extensions ['cmake', 'python']
[2.111s] Level 1:colcon.colcon_core.package_identification:_identify(/home/rizo/SoftOverlord100/Overlord100-PathPlanner/src/turtlebot3/turtlebot3_simulations) by extension 'cmake'
[2.112s] Level 1:colcon.colcon_core.package_identification:_identify(/home/rizo/SoftOverlord100/Overlord100-PathPlanner/src/turtlebot3/turtlebot3_simulations) by extension 'python'
[2.113s] Level 1:colcon.colcon_core.package_identification:_identify(/home/rizo/SoftOverlord100/Overlord100-PathPlanner/src/turtlebot3/turtlebot3_simulations) by extensions ['python_setup_py']
[2.115s] Level 1:colcon.colcon_core.package_identification:_identify(/home/rizo/SoftOverlord100/Overlord100-PathPlanner/src/turtlebot3/turtlebot3_simulations) by extension 'python_setup_py'
[2.121s] Level 1:colcon.colcon_core.package_identification:_identify(/home/rizo/SoftOverlord100/Overlord100-PathPlanner/src/turtlebot3/turtlebot3_simulations/turtlebot3_fake_node) by extensions ['ignore', 'ignore_ament_install']
[2.126s] Level 1:colcon.colcon_core.package_identification:_identify(/home/rizo/SoftOverlord100/Overlord100-PathPlanner/src/turtlebot3/turtlebot3_simulations/turtlebot3_fake_node) by extension 'ignore'
[2.128s] Level 1:colcon.colcon_core.package_identification:_identify(/home/rizo/SoftOverlord100/Overlord100-PathPlanner/src/turtlebot3/turtlebot3_simulations/turtlebot3_fake_node) by extension 'ignore_ament_install'
[2.138s] Level 1:colcon.colcon_core.package_identification:_identify(/home/rizo/SoftOverlord100/Overlord100-PathPlanner/src/turtlebot3/turtlebot3_simulations/turtlebot3_fake_node) by extensions ['colcon_pkg']
[2.139s] Level 1:colcon.colcon_core.package_identification:_identify(/home/rizo/SoftOverlord100/Overlord100-PathPlanner/src/turtlebot3/turtlebot3_simulations/turtlebot3_fake_node) by extension 'colcon_pkg'
[2.141s] Level 1:colcon.colcon_core.package_identification:_identify(/home/rizo/SoftOverlord100/Overlord100-PathPlanner/src/turtlebot3/turtlebot3_simulations/turtlebot3_fake_node) by extensions ['colcon_meta']
[2.142s] Level 1:colcon.colcon_core.package_identification:_identify(/home/rizo/SoftOverlord100/Overlord100-PathPlanner/src/turtlebot3/turtlebot3_simulations/turtlebot3_fake_node) by extension 'colcon_meta'
[2.143s] Level 1:colcon.colcon_core.package_identification:_identify(/home/rizo/SoftOverlord100/Overlord100-PathPlanner/src/turtlebot3/turtlebot3_simulations/turtlebot3_fake_node) by extensions ['ros']
[2.144s] Level 1:colcon.colcon_core.package_identification:_identify(/home/rizo/SoftOverlord100/Overlord100-PathPlanner/src/turtlebot3/turtlebot3_simulations/turtlebot3_fake_node) by extension 'ros'
[2.150s] DEBUG:colcon.colcon_core.package_identification:Package '/home/rizo/SoftOverlord100/Overlord100-PathPlanner/src/turtlebot3/turtlebot3_simulations/turtlebot3_fake_node' with type 'ros.ament_cmake' and name 'turtlebot3_fake_node'
[2.155s] Level 1:colcon.colcon_core.package_identification:_identify(/home/rizo/SoftOverlord100/Overlord100-PathPlanner/src/turtlebot3/turtlebot3_simulations/turtlebot3_gazebo) by extensions ['ignore', 'ignore_ament_install']
[2.156s] Level 1:colcon.colcon_core.package_identification:_identify(/home/rizo/SoftOverlord100/Overlord100-PathPlanner/src/turtlebot3/turtlebot3_simulations/turtlebot3_gazebo) by extension 'ignore'
[2.156s] Level 1:colcon.colcon_core.package_identification:_identify(/home/rizo/SoftOverlord100/Overlord100-PathPlanner/src/turtlebot3/turtlebot3_simulations/turtlebot3_gazebo) by extension 'ignore_ament_install'
[2.156s] Level 1:colcon.colcon_core.package_identification:_identify(/home/rizo/SoftOverlord100/Overlord100-PathPlanner/src/turtlebot3/turtlebot3_simulations/turtlebot3_gazebo) by extensions ['colcon_pkg']
[2.157s] Level 1:colcon.colcon_core.package_identification:_identify(/home/rizo/SoftOverlord100/Overlord100-PathPlanner/src/turtlebot3/turtlebot3_simulations/turtlebot3_gazebo) by extension 'colcon_pkg'
[2.157s] Level 1:colcon.colcon_core.package_identification:_identify(/home/rizo/SoftOverlord100/Overlord100-PathPlanner/src/turtlebot3/turtlebot3_simulations/turtlebot3_gazebo) by extensions ['colcon_meta']
[2.157s] Level 1:colcon.colcon_core.package_identification:_identify(/home/rizo/SoftOverlord100/Overlord100-PathPlanner/src/turtlebot3/turtlebot3_simulations/turtlebot3_gazebo) by extension 'colcon_meta'
[2.157s] Level 1:colcon.colcon_core.package_identification:_identify(/home/rizo/SoftOverlord100/Overlord100-PathPlanner/src/turtlebot3/turtlebot3_simulations/turtlebot3_gazebo) by extensions ['ros']
[2.157s] Level 1:colcon.colcon_core.package_identification:_identify(/home/rizo/SoftOverlord100/Overlord100-PathPlanner/src/turtlebot3/turtlebot3_simulations/turtlebot3_gazebo) by extension 'ros'
[2.163s] DEBUG:colcon.colcon_core.package_identification:Package '/home/rizo/SoftOverlord100/Overlord100-PathPlanner/src/turtlebot3/turtlebot3_simulations/turtlebot3_gazebo' with type 'ros.ament_cmake' and name 'turtlebot3_gazebo'
[2.164s] Level 1:colcon.colcon_core.package_identification:_identify(/home/rizo/SoftOverlord100/Overlord100-PathPlanner/src/turtlebot3/turtlebot3_simulations/turtlebot3_simulations) by extensions ['ignore', 'ignore_ament_install']
[2.166s] Level 1:colcon.colcon_core.package_identification:_identify(/home/rizo/SoftOverlord100/Overlord100-PathPlanner/src/turtlebot3/turtlebot3_simulations/turtlebot3_simulations) by extension 'ignore'
[2.168s] Level 1:colcon.colcon_core.package_identification:_identify(/home/rizo/SoftOverlord100/Overlord100-PathPlanner/src/turtlebot3/turtlebot3_simulations/turtlebot3_simulations) by extension 'ignore_ament_install'
[2.169s] Level 1:colcon.colcon_core.package_identification:_identify(/home/rizo/SoftOverlord100/Overlord100-PathPlanner/src/turtlebot3/turtlebot3_simulations/turtlebot3_simulations) by extensions ['colcon_pkg']
[2.170s] Level 1:colcon.colcon_core.package_identification:_identify(/home/rizo/SoftOverlord100/Overlord100-PathPlanner/src/turtlebot3/turtlebot3_simulations/turtlebot3_simulations) by extension 'colcon_pkg'
[2.171s] Level 1:colcon.colcon_core.package_identification:_identify(/home/rizo/SoftOverlord100/Overlord100-PathPlanner/src/turtlebot3/turtlebot3_simulations/turtlebot3_simulations) by extensions ['colcon_meta']
[2.171s] Level 1:colcon.colcon_core.package_identification:_identify(/home/rizo/SoftOverlord100/Overlord100-PathPlanner/src/turtlebot3/turtlebot3_simulations/turtlebot3_simulations) by extension 'colcon_meta'
[2.172s] Level 1:colcon.colcon_core.package_identification:_identify(/home/rizo/SoftOverlord100/Overlord100-PathPlanner/src/turtlebot3/turtlebot3_simulations/turtlebot3_simulations) by extensions ['ros']
[2.173s] Level 1:colcon.colcon_core.package_identification:_identify(/home/rizo/SoftOverlord100/Overlord100-PathPlanner/src/turtlebot3/turtlebot3_simulations/turtlebot3_simulations) by extension 'ros'
[2.175s] DEBUG:colcon.colcon_core.package_identification:Package '/home/rizo/SoftOverlord100/Overlord100-PathPlanner/src/turtlebot3/turtlebot3_simulations/turtlebot3_simulations' with type 'ros.ament_cmake' and name 'turtlebot3_simulations'
[2.175s] Level 1:colcon.colcon_core.package_identification:_identify(/home/rizo/SoftOverlord100/Overlord100-PathPlanner/src/utils) by extensions ['ignore', 'ignore_ament_install']
[2.176s] Level 1:colcon.colcon_core.package_identification:_identify(/home/rizo/SoftOverlord100/Overlord100-PathPlanner/src/utils) by extension 'ignore'
[2.176s] Level 1:colcon.colcon_core.package_identification:_identify(/home/rizo/SoftOverlord100/Overlord100-PathPlanner/src/utils) by extension 'ignore_ament_install'
[2.177s] Level 1:colcon.colcon_core.package_identification:_identify(/home/rizo/SoftOverlord100/Overlord100-PathPlanner/src/utils) by extensions ['colcon_pkg']
[2.179s] Level 1:colcon.colcon_core.package_identification:_identify(/home/rizo/SoftOverlord100/Overlord100-PathPlanner/src/utils) by extension 'colcon_pkg'
[2.180s] Level 1:colcon.colcon_core.package_identification:_identify(/home/rizo/SoftOverlord100/Overlord100-PathPlanner/src/utils) by extensions ['colcon_meta']
[2.181s] Level 1:colcon.colcon_core.package_identification:_identify(/home/rizo/SoftOverlord100/Overlord100-PathPlanner/src/utils) by extension 'colcon_meta'
[2.181s] Level 1:colcon.colcon_core.package_identification:_identify(/home/rizo/SoftOverlord100/Overlord100-PathPlanner/src/utils) by extensions ['ros']
[2.182s] Level 1:colcon.colcon_core.package_identification:_identify(/home/rizo/SoftOverlord100/Overlord100-PathPlanner/src/utils) by extension 'ros'
[2.183s] Level 1:colcon.colcon_core.package_identification:_identify(/home/rizo/SoftOverlord100/Overlord100-PathPlanner/src/utils) by extensions ['cmake', 'python']
[2.185s] Level 1:colcon.colcon_core.package_identification:_identify(/home/rizo/SoftOverlord100/Overlord100-PathPlanner/src/utils) by extension 'cmake'
[2.187s] Level 1:colcon.colcon_core.package_identification:_identify(/home/rizo/SoftOverlord100/Overlord100-PathPlanner/src/utils) by extension 'python'
[2.187s] Level 1:colcon.colcon_core.package_identification:_identify(/home/rizo/SoftOverlord100/Overlord100-PathPlanner/src/utils) by extensions ['python_setup_py']
[2.188s] Level 1:colcon.colcon_core.package_identification:_identify(/home/rizo/SoftOverlord100/Overlord100-PathPlanner/src/utils) by extension 'python_setup_py'
[2.189s] Level 1:colcon.colcon_core.package_identification:_identify(/home/rizo/SoftOverlord100/Overlord100-PathPlanner/src/utils/DynamixelSDK) by extensions ['ignore', 'ignore_ament_install']
[2.190s] Level 1:colcon.colcon_core.package_identification:_identify(/home/rizo/SoftOverlord100/Overlord100-PathPlanner/src/utils/DynamixelSDK) by extension 'ignore'
[2.191s] Level 1:colcon.colcon_core.package_identification:_identify(/home/rizo/SoftOverlord100/Overlord100-PathPlanner/src/utils/DynamixelSDK) by extension 'ignore_ament_install'
[2.191s] Level 1:colcon.colcon_core.package_identification:_identify(/home/rizo/SoftOverlord100/Overlord100-PathPlanner/src/utils/DynamixelSDK) by extensions ['colcon_pkg']
[2.191s] Level 1:colcon.colcon_core.package_identification:_identify(/home/rizo/SoftOverlord100/Overlord100-PathPlanner/src/utils/DynamixelSDK) by extension 'colcon_pkg'
[2.192s] Level 1:colcon.colcon_core.package_identification:_identify(/home/rizo/SoftOverlord100/Overlord100-PathPlanner/src/utils/DynamixelSDK) by extensions ['colcon_meta']
[2.192s] Level 1:colcon.colcon_core.package_identification:_identify(/home/rizo/SoftOverlord100/Overlord100-PathPlanner/src/utils/DynamixelSDK) by extension 'colcon_meta'
[2.193s] Level 1:colcon.colcon_core.package_identification:_identify(/home/rizo/SoftOverlord100/Overlord100-PathPlanner/src/utils/DynamixelSDK) by extensions ['ros']
[2.193s] Level 1:colcon.colcon_core.package_identification:_identify(/home/rizo/SoftOverlord100/Overlord100-PathPlanner/src/utils/DynamixelSDK) by extension 'ros'
[2.193s] Level 1:colcon.colcon_core.package_identification:_identify(/home/rizo/SoftOverlord100/Overlord100-PathPlanner/src/utils/DynamixelSDK) by extensions ['cmake', 'python']
[2.194s] Level 1:colcon.colcon_core.package_identification:_identify(/home/rizo/SoftOverlord100/Overlord100-PathPlanner/src/utils/DynamixelSDK) by extension 'cmake'
[2.194s] Level 1:colcon.colcon_core.package_identification:_identify(/home/rizo/SoftOverlord100/Overlord100-PathPlanner/src/utils/DynamixelSDK) by extension 'python'
[2.194s] Level 1:colcon.colcon_core.package_identification:_identify(/home/rizo/SoftOverlord100/Overlord100-PathPlanner/src/utils/DynamixelSDK) by extensions ['python_setup_py']
[2.195s] Level 1:colcon.colcon_core.package_identification:_identify(/home/rizo/SoftOverlord100/Overlord100-PathPlanner/src/utils/DynamixelSDK) by extension 'python_setup_py'
[2.195s] Level 1:colcon.colcon_core.package_identification:_identify(/home/rizo/SoftOverlord100/Overlord100-PathPlanner/src/utils/DynamixelSDK/dynamixel_sdk) by extensions ['ignore', 'ignore_ament_install']
[2.196s] Level 1:colcon.colcon_core.package_identification:_identify(/home/rizo/SoftOverlord100/Overlord100-PathPlanner/src/utils/DynamixelSDK/dynamixel_sdk) by extension 'ignore'
[2.196s] Level 1:colcon.colcon_core.package_identification:_identify(/home/rizo/SoftOverlord100/Overlord100-PathPlanner/src/utils/DynamixelSDK/dynamixel_sdk) by extension 'ignore_ament_install'
[2.198s] Level 1:colcon.colcon_core.package_identification:_identify(/home/rizo/SoftOverlord100/Overlord100-PathPlanner/src/utils/DynamixelSDK/dynamixel_sdk) by extensions ['colcon_pkg']
[2.199s] Level 1:colcon.colcon_core.package_identification:_identify(/home/rizo/SoftOverlord100/Overlord100-PathPlanner/src/utils/DynamixelSDK/dynamixel_sdk) by extension 'colcon_pkg'
[2.200s] Level 1:colcon.colcon_core.package_identification:_identify(/home/rizo/SoftOverlord100/Overlord100-PathPlanner/src/utils/DynamixelSDK/dynamixel_sdk) by extensions ['colcon_meta']
[2.201s] Level 1:colcon.colcon_core.package_identification:_identify(/home/rizo/SoftOverlord100/Overlord100-PathPlanner/src/utils/DynamixelSDK/dynamixel_sdk) by extension 'colcon_meta'
[2.201s] Level 1:colcon.colcon_core.package_identification:_identify(/home/rizo/SoftOverlord100/Overlord100-PathPlanner/src/utils/DynamixelSDK/dynamixel_sdk) by extensions ['ros']
[2.202s] Level 1:colcon.colcon_core.package_identification:_identify(/home/rizo/SoftOverlord100/Overlord100-PathPlanner/src/utils/DynamixelSDK/dynamixel_sdk) by extension 'ros'
[2.207s] DEBUG:colcon.colcon_core.package_identification:Package '/home/rizo/SoftOverlord100/Overlord100-PathPlanner/src/utils/DynamixelSDK/dynamixel_sdk' with type 'ros.ament_cmake' and name 'dynamixel_sdk'
[2.208s] Level 1:colcon.colcon_core.package_identification:_identify(/home/rizo/SoftOverlord100/Overlord100-PathPlanner/src/utils/DynamixelSDK/dynamixel_sdk_custom_interfaces) by extensions ['ignore', 'ignore_ament_install']
[2.209s] Level 1:colcon.colcon_core.package_identification:_identify(/home/rizo/SoftOverlord100/Overlord100-PathPlanner/src/utils/DynamixelSDK/dynamixel_sdk_custom_interfaces) by extension 'ignore'
[2.210s] Level 1:colcon.colcon_core.package_identification:_identify(/home/rizo/SoftOverlord100/Overlord100-PathPlanner/src/utils/DynamixelSDK/dynamixel_sdk_custom_interfaces) by extension 'ignore_ament_install'
[2.210s] Level 1:colcon.colcon_core.package_identification:_identify(/home/rizo/SoftOverlord100/Overlord100-PathPlanner/src/utils/DynamixelSDK/dynamixel_sdk_custom_interfaces) by extensions ['colcon_pkg']
[2.210s] Level 1:colcon.colcon_core.package_identification:_identify(/home/rizo/SoftOverlord100/Overlord100-PathPlanner/src/utils/DynamixelSDK/dynamixel_sdk_custom_interfaces) by extension 'colcon_pkg'
[2.210s] Level 1:colcon.colcon_core.package_identification:_identify(/home/rizo/SoftOverlord100/Overlord100-PathPlanner/src/utils/DynamixelSDK/dynamixel_sdk_custom_interfaces) by extensions ['colcon_meta']
[2.211s] Level 1:colcon.colcon_core.package_identification:_identify(/home/rizo/SoftOverlord100/Overlord100-PathPlanner/src/utils/DynamixelSDK/dynamixel_sdk_custom_interfaces) by extension 'colcon_meta'
[2.212s] Level 1:colcon.colcon_core.package_identification:_identify(/home/rizo/SoftOverlord100/Overlord100-PathPlanner/src/utils/DynamixelSDK/dynamixel_sdk_custom_interfaces) by extensions ['ros']
[2.213s] Level 1:colcon.colcon_core.package_identification:_identify(/home/rizo/SoftOverlord100/Overlord100-PathPlanner/src/utils/DynamixelSDK/dynamixel_sdk_custom_interfaces) by extension 'ros'
[2.215s] DEBUG:colcon.colcon_core.package_identification:Package '/home/rizo/SoftOverlord100/Overlord100-PathPlanner/src/utils/DynamixelSDK/dynamixel_sdk_custom_interfaces' with type 'ros.ament_cmake' and name 'dynamixel_sdk_custom_interfaces'
[2.216s] Level 1:colcon.colcon_core.package_identification:_identify(/home/rizo/SoftOverlord100/Overlord100-PathPlanner/src/utils/DynamixelSDK/dynamixel_sdk_examples) by extensions ['ignore', 'ignore_ament_install']
[2.218s] Level 1:colcon.colcon_core.package_identification:_identify(/home/rizo/SoftOverlord100/Overlord100-PathPlanner/src/utils/DynamixelSDK/dynamixel_sdk_examples) by extension 'ignore'
[2.219s] Level 1:colcon.colcon_core.package_identification:_identify(/home/rizo/SoftOverlord100/Overlord100-PathPlanner/src/utils/DynamixelSDK/dynamixel_sdk_examples) by extension 'ignore_ament_install'
[2.220s] Level 1:colcon.colcon_core.package_identification:_identify(/home/rizo/SoftOverlord100/Overlord100-PathPlanner/src/utils/DynamixelSDK/dynamixel_sdk_examples) by extensions ['colcon_pkg']
[2.221s] Level 1:colcon.colcon_core.package_identification:_identify(/home/rizo/SoftOverlord100/Overlord100-PathPlanner/src/utils/DynamixelSDK/dynamixel_sdk_examples) by extension 'colcon_pkg'
[2.221s] Level 1:colcon.colcon_core.package_identification:_identify(/home/rizo/SoftOverlord100/Overlord100-PathPlanner/src/utils/DynamixelSDK/dynamixel_sdk_examples) by extensions ['colcon_meta']
[2.221s] Level 1:colcon.colcon_core.package_identification:_identify(/home/rizo/SoftOverlord100/Overlord100-PathPlanner/src/utils/DynamixelSDK/dynamixel_sdk_examples) by extension 'colcon_meta'
[2.222s] Level 1:colcon.colcon_core.package_identification:_identify(/home/rizo/SoftOverlord100/Overlord100-PathPlanner/src/utils/DynamixelSDK/dynamixel_sdk_examples) by extensions ['ros']
[2.222s] Level 1:colcon.colcon_core.package_identification:_identify(/home/rizo/SoftOverlord100/Overlord100-PathPlanner/src/utils/DynamixelSDK/dynamixel_sdk_examples) by extension 'ros'
[2.224s] DEBUG:colcon.colcon_core.package_identification:Package '/home/rizo/SoftOverlord100/Overlord100-PathPlanner/src/utils/DynamixelSDK/dynamixel_sdk_examples' with type 'ros.ament_cmake' and name 'dynamixel_sdk_examples'
[2.225s] Level 1:colcon.colcon_core.package_identification:_identify(/home/rizo/SoftOverlord100/Overlord100-PathPlanner/src/utils/hls_lfcd_lds_driver) by extensions ['ignore', 'ignore_ament_install']
[2.225s] Level 1:colcon.colcon_core.package_identification:_identify(/home/rizo/SoftOverlord100/Overlord100-PathPlanner/src/utils/hls_lfcd_lds_driver) by extension 'ignore'
[2.225s] Level 1:colcon.colcon_core.package_identification:_identify(/home/rizo/SoftOverlord100/Overlord100-PathPlanner/src/utils/hls_lfcd_lds_driver) by extension 'ignore_ament_install'
[2.226s] Level 1:colcon.colcon_core.package_identification:_identify(/home/rizo/SoftOverlord100/Overlord100-PathPlanner/src/utils/hls_lfcd_lds_driver) by extensions ['colcon_pkg']
[2.226s] Level 1:colcon.colcon_core.package_identification:_identify(/home/rizo/SoftOverlord100/Overlord100-PathPlanner/src/utils/hls_lfcd_lds_driver) by extension 'colcon_pkg'
[2.226s] Level 1:colcon.colcon_core.package_identification:_identify(/home/rizo/SoftOverlord100/Overlord100-PathPlanner/src/utils/hls_lfcd_lds_driver) by extensions ['colcon_meta']
[2.226s] Level 1:colcon.colcon_core.package_identification:_identify(/home/rizo/SoftOverlord100/Overlord100-PathPlanner/src/utils/hls_lfcd_lds_driver) by extension 'colcon_meta'
[2.226s] Level 1:colcon.colcon_core.package_identification:_identify(/home/rizo/SoftOverlord100/Overlord100-PathPlanner/src/utils/hls_lfcd_lds_driver) by extensions ['ros']
[2.226s] Level 1:colcon.colcon_core.package_identification:_identify(/home/rizo/SoftOverlord100/Overlord100-PathPlanner/src/utils/hls_lfcd_lds_driver) by extension 'ros'
[2.229s] DEBUG:colcon.colcon_core.package_identification:Package '/home/rizo/SoftOverlord100/Overlord100-PathPlanner/src/utils/hls_lfcd_lds_driver' with type 'ros.ament_cmake' and name 'hls_lfcd_lds_driver'
[2.230s] Level 1:colcon.colcon_core.package_discovery:discover_packages(recursive) using defaults
