[0.020s] Invoking command in '/home/ws/src/Overlord100-PathPlanner/build/turtlebot3_description': /usr/bin/cmake /home/ws/src/Overlord100-PathPlanner/src/turtlebot3/turtlebot3/turtlebot3_description -DCMAKE_INSTALL_PREFIX=/home/ws/src/Overlord100-PathPlanner/install/turtlebot3_description
[0.292s] -- The C compiler identification is GNU 11.4.0
[0.294s] -- The CXX compiler identification is GNU 11.4.0
[0.302s] -- Detecting C compiler ABI info
[0.403s] -- Detecting C compiler ABI info - done
[0.414s] -- Check for working C compiler: /usr/bin/cc - skipped
[0.414s] -- Detecting C compile features
[0.414s] -- Detecting C compile features - done
[0.419s] -- Detecting CXX compiler ABI info
[0.533s] -- Detecting CXX compiler ABI info - done
[0.543s] -- Check for working CXX compiler: /usr/bin/c++ - skipped
[0.543s] -- Detecting CXX compile features
[0.544s] -- Detecting CXX compile features - done
[0.579s] [31mCMake Error at CMakeLists.txt:18 (find_package):
[0.579s]   By not providing "Findament_cmake.cmake" in CMAKE_MODULE_PATH this project
[0.579s]   has asked CMake to find a package configuration file provided by
[0.579s]   "ament_cmake", but CMake did not find one.
[0.579s] 
[0.579s]   Could not find a package configuration file provided by "ament_cmake" with
[0.579s]   any of the following names:
[0.579s] 
[0.580s]     ament_cmakeConfig.cmake
[0.580s]     ament_cmake-config.cmake
[0.580s] 
[0.580s]   Add the installation prefix of "ament_cmake" to CMAKE_PREFIX_PATH or set
[0.580s]   "ament_cmake_DIR" to a directory containing one of the above files.  If
[0.580s]   "ament_cmake" provides a separate development package or SDK, be sure it
[0.580s]   has been installed.
[0.580s] 
[0.580s] [0m
[0.580s] -- Configuring incomplete, errors occurred!
[0.581s] See also "/home/ws/src/Overlord100-PathPlanner/build/turtlebot3_description/CMakeFiles/CMakeOutput.log".
[0.596s] Invoked command in '/home/ws/src/Overlord100-PathPlanner/build/turtlebot3_description' returned '1': /usr/bin/cmake /home/ws/src/Overlord100-PathPlanner/src/turtlebot3/turtlebot3/turtlebot3_description -DCMAKE_INSTALL_PREFIX=/home/ws/src/Overlord100-PathPlanner/install/turtlebot3_description
