running egg_info
creating ../../build/path_planner/path_planner.egg-info
writing ../../build/path_planner/path_planner.egg-info/PKG-INFO
writing dependency_links to ../../build/path_planner/path_planner.egg-info/dependency_links.txt
writing entry points to ../../build/path_planner/path_planner.egg-info/entry_points.txt
writing requirements to ../../build/path_planner/path_planner.egg-info/requires.txt
writing top-level names to ../../build/path_planner/path_planner.egg-info/top_level.txt
writing manifest file '../../build/path_planner/path_planner.egg-info/SOURCES.txt'
reading manifest file '../../build/path_planner/path_planner.egg-info/SOURCES.txt'
writing manifest file '../../build/path_planner/path_planner.egg-info/SOURCES.txt'
running build
running build_py
creating /home/rizo/SoftOverlord100/Overlord100-PathPlanner/build/path_planner/build
creating /home/rizo/SoftOverlord100/Overlord100-PathPlanner/build/path_planner/build/lib
creating /home/rizo/SoftOverlord100/Overlord100-PathPlanner/build/path_planner/build/lib/path_planner
copying path_planner/__init__.py -> /home/rizo/SoftOverlord100/Overlord100-PathPlanner/build/path_planner/build/lib/path_planner
running install
running install_lib
creating /home/rizo/SoftOverlord100/Overlord100-PathPlanner/install/path_planner/lib/python3.10/site-packages/path_planner
copying /home/rizo/SoftOverlord100/Overlord100-PathPlanner/build/path_planner/build/lib/path_planner/__init__.py -> /home/rizo/SoftOverlord100/Overlord100-PathPlanner/install/path_planner/lib/python3.10/site-packages/path_planner
byte-compiling /home/rizo/SoftOverlord100/Overlord100-PathPlanner/install/path_planner/lib/python3.10/site-packages/path_planner/__init__.py to __init__.cpython-310.pyc
running install_data
creating /home/rizo/SoftOverlord100/Overlord100-PathPlanner/install/path_planner/share/ament_index
creating /home/rizo/SoftOverlord100/Overlord100-PathPlanner/install/path_planner/share/ament_index/resource_index
creating /home/rizo/SoftOverlord100/Overlord100-PathPlanner/install/path_planner/share/ament_index/resource_index/packages
copying resource/path_planner -> /home/rizo/SoftOverlord100/Overlord100-PathPlanner/install/path_planner/share/ament_index/resource_index/packages
copying package.xml -> /home/rizo/SoftOverlord100/Overlord100-PathPlanner/install/path_planner/share/path_planner
copying launch/nav2.launch.py -> /home/rizo/SoftOverlord100/Overlord100-PathPlanner/install/path_planner/share/path_planner
copying launch/planner.launch.py -> /home/rizo/SoftOverlord100/Overlord100-PathPlanner/install/path_planner/share/path_planner
creating /home/rizo/SoftOverlord100/Overlord100-PathPlanner/install/path_planner/share/path_planner/maps
copying maps/map.pgm -> /home/rizo/SoftOverlord100/Overlord100-PathPlanner/install/path_planner/share/path_planner/maps/
copying maps/map.yaml -> /home/rizo/SoftOverlord100/Overlord100-PathPlanner/install/path_planner/share/path_planner/maps/
running install_egg_info
Copying ../../build/path_planner/path_planner.egg-info to /home/rizo/SoftOverlord100/Overlord100-PathPlanner/install/path_planner/lib/python3.10/site-packages/path_planner-0.0.0-py3.10.egg-info
running install_scripts
writing list of installed files to '/home/rizo/SoftOverlord100/Overlord100-PathPlanner/build/path_planner/install.log'
