[0.673s] Invoking command in '/home/rizo/SoftOverlord100/Overlord100-PathPlanner/src/path_planner': CONDA_PROMPT_MODIFIER=(base) PYTHONPATH=/home/rizo/SoftOverlord100/Overlord100-PathPlanner/build/path_planner/prefix_override:/home/rizo/SoftOverlord100/Overlord100-PathPlanner/install/path_planner/lib/python3.10/site-packages:${PYTHONPATH} /usr/bin/python3 -W ignore:setup.py install is deprecated setup.py egg_info --egg-base ../../build/path_planner build --build-base /home/rizo/SoftOverlord100/Overlord100-PathPlanner/build/path_planner/build install --record /home/rizo/SoftOverlord100/Overlord100-PathPlanner/build/path_planner/install.log --single-version-externally-managed install_data
[0.921s] running egg_info
[0.922s] creating ../../build/path_planner/path_planner.egg-info
[0.922s] writing ../../build/path_planner/path_planner.egg-info/PKG-INFO
[0.922s] writing dependency_links to ../../build/path_planner/path_planner.egg-info/dependency_links.txt
[0.922s] writing entry points to ../../build/path_planner/path_planner.egg-info/entry_points.txt
[0.922s] writing requirements to ../../build/path_planner/path_planner.egg-info/requires.txt
[0.922s] writing top-level names to ../../build/path_planner/path_planner.egg-info/top_level.txt
[0.922s] writing manifest file '../../build/path_planner/path_planner.egg-info/SOURCES.txt'
[0.923s] reading manifest file '../../build/path_planner/path_planner.egg-info/SOURCES.txt'
[0.924s] writing manifest file '../../build/path_planner/path_planner.egg-info/SOURCES.txt'
[0.924s] running build
[0.924s] running build_py
[0.924s] creating /home/rizo/SoftOverlord100/Overlord100-PathPlanner/build/path_planner/build
[0.924s] creating /home/rizo/SoftOverlord100/Overlord100-PathPlanner/build/path_planner/build/lib
[0.924s] creating /home/rizo/SoftOverlord100/Overlord100-PathPlanner/build/path_planner/build/lib/path_planner
[0.924s] copying path_planner/__init__.py -> /home/rizo/SoftOverlord100/Overlord100-PathPlanner/build/path_planner/build/lib/path_planner
[0.924s] running install
[0.925s] running install_lib
[0.926s] creating /home/rizo/SoftOverlord100/Overlord100-PathPlanner/install/path_planner/lib/python3.10/site-packages/path_planner
[0.926s] copying /home/rizo/SoftOverlord100/Overlord100-PathPlanner/build/path_planner/build/lib/path_planner/__init__.py -> /home/rizo/SoftOverlord100/Overlord100-PathPlanner/install/path_planner/lib/python3.10/site-packages/path_planner
[0.926s] byte-compiling /home/rizo/SoftOverlord100/Overlord100-PathPlanner/install/path_planner/lib/python3.10/site-packages/path_planner/__init__.py to __init__.cpython-310.pyc
[0.926s] running install_data
[0.926s] creating /home/rizo/SoftOverlord100/Overlord100-PathPlanner/install/path_planner/share/ament_index
[0.926s] creating /home/rizo/SoftOverlord100/Overlord100-PathPlanner/install/path_planner/share/ament_index/resource_index
[0.926s] creating /home/rizo/SoftOverlord100/Overlord100-PathPlanner/install/path_planner/share/ament_index/resource_index/packages
[0.926s] copying resource/path_planner -> /home/rizo/SoftOverlord100/Overlord100-PathPlanner/install/path_planner/share/ament_index/resource_index/packages
[0.927s] copying package.xml -> /home/rizo/SoftOverlord100/Overlord100-PathPlanner/install/path_planner/share/path_planner
[0.927s] copying launch/nav2.launch.py -> /home/rizo/SoftOverlord100/Overlord100-PathPlanner/install/path_planner/share/path_planner
[0.927s] copying launch/planner.launch.py -> /home/rizo/SoftOverlord100/Overlord100-PathPlanner/install/path_planner/share/path_planner
[0.927s] creating /home/rizo/SoftOverlord100/Overlord100-PathPlanner/install/path_planner/share/path_planner/maps
[0.927s] copying maps/map.pgm -> /home/rizo/SoftOverlord100/Overlord100-PathPlanner/install/path_planner/share/path_planner/maps/
[0.927s] copying maps/map.yaml -> /home/rizo/SoftOverlord100/Overlord100-PathPlanner/install/path_planner/share/path_planner/maps/
[0.927s] running install_egg_info
[0.929s] Copying ../../build/path_planner/path_planner.egg-info to /home/rizo/SoftOverlord100/Overlord100-PathPlanner/install/path_planner/lib/python3.10/site-packages/path_planner-0.0.0-py3.10.egg-info
[0.930s] running install_scripts
[0.951s] writing list of installed files to '/home/rizo/SoftOverlord100/Overlord100-PathPlanner/build/path_planner/install.log'
[0.971s] Invoked command in '/home/rizo/SoftOverlord100/Overlord100-PathPlanner/src/path_planner' returned '0': CONDA_PROMPT_MODIFIER=(base) PYTHONPATH=/home/rizo/SoftOverlord100/Overlord100-PathPlanner/build/path_planner/prefix_override:/home/rizo/SoftOverlord100/Overlord100-PathPlanner/install/path_planner/lib/python3.10/site-packages:${PYTHONPATH} /usr/bin/python3 -W ignore:setup.py install is deprecated setup.py egg_info --egg-base ../../build/path_planner build --build-base /home/rizo/SoftOverlord100/Overlord100-PathPlanner/build/path_planner/build install --record /home/rizo/SoftOverlord100/Overlord100-PathPlanner/build/path_planner/install.log --single-version-externally-managed install_data
