[0.022s] Invoking command in '/home/ws/src/Overlord100-PathPlanner/build/turtlebot3_navigation2': /usr/bin/cmake /home/ws/src/Overlord100-PathPlanner/src/turtlebot3/turtlebot3/turtlebot3_navigation2 -DCMAKE_INSTALL_PREFIX=/home/ws/src/Overlord100-PathPlanner/install/turtlebot3_navigation2
[0.290s] -- The C compiler identification is GNU 11.4.0
[0.296s] -- The CXX compiler identification is GNU 11.4.0
[0.305s] -- Detecting C compiler ABI info
[0.387s] -- Detecting C compiler ABI info - done
[0.402s] -- Check for working C compiler: /usr/bin/cc - skipped
[0.402s] -- Detecting C compile features
[0.403s] -- Detecting C compile features - done
[0.409s] -- Detecting CXX compiler ABI info
[0.544s] -- Detecting CXX compiler ABI info - done
[0.562s] -- Check for working CXX compiler: /usr/bin/c++ - skipped
[0.562s] -- Detecting CXX compile features
[0.563s] -- Detecting CXX compile features - done
[0.579s] [31mCMake Error at CMakeLists.txt:14 (find_package):
[0.580s]   By not providing "Findament_cmake.cmake" in CMAKE_MODULE_PATH this project
[0.580s]   has asked CMake to find a package configuration file provided by
[0.580s]   "ament_cmake", but CMake did not find one.
[0.580s] 
[0.581s]   Could not find a package configuration file provided by "ament_cmake" with
[0.581s]   any of the following names:
[0.581s] 
[0.586s]     ament_cmakeConfig.cmake
[0.586s]     ament_cmake-config.cmake
[0.586s] 
[0.587s]   Add the installation prefix of "ament_cmake" to CMAKE_PREFIX_PATH or set
[0.588s]   "ament_cmake_DIR" to a directory containing one of the above files.  If
[0.590s]   "ament_cmake" provides a separate development package or SDK, be sure it
[0.590s]   has been installed.
[0.591s] 
[0.591s] [0m
[0.591s] -- Configuring incomplete, errors occurred!
[0.591s] See also "/home/ws/src/Overlord100-PathPlanner/build/turtlebot3_navigation2/CMakeFiles/CMakeOutput.log".
[0.609s] Invoked command in '/home/ws/src/Overlord100-PathPlanner/build/turtlebot3_navigation2' returned '1': /usr/bin/cmake /home/ws/src/Overlord100-PathPlanner/src/turtlebot3/turtlebot3/turtlebot3_navigation2 -DCMAKE_INSTALL_PREFIX=/home/ws/src/Overlord100-PathPlanner/install/turtlebot3_navigation2
