[0.022s] Invoking command in '/home/ws/src/Overlord100-PathPlanner/build/turtlebot3_cartographer': /usr/bin/cmake /home/ws/src/Overlord100-PathPlanner/src/turtlebot3/turtlebot3/turtlebot3_cartographer -DCMAKE_INSTALL_PREFIX=/home/ws/src/Overlord100-PathPlanner/install/turtlebot3_cartographer
[0.292s] -- The C compiler identification is GNU 11.4.0
[0.300s] -- The CXX compiler identification is GNU 11.4.0
[0.307s] -- Detecting C compiler ABI info
[0.401s] -- Detecting C compiler ABI info - done
[0.414s] -- Check for working C compiler: /usr/bin/cc - skipped
[0.415s] -- Detecting C compile features
[0.415s] -- Detecting C compile features - done
[0.420s] -- Detecting CXX compiler ABI info
[0.552s] -- Detecting CXX compiler ABI info - done
[0.569s] -- Check for working CXX compiler: /usr/bin/c++ - skipped
[0.571s] -- Detecting CXX compile features
[0.572s] -- Detecting CXX compile features - done
[0.610s] [31mCMake Error at CMakeLists.txt:14 (find_package):
[0.610s]   By not providing "Findament_cmake.cmake" in CMAKE_MODULE_PATH this project
[0.610s]   has asked CMake to find a package configuration file provided by
[0.610s]   "ament_cmake", but CMake did not find one.
[0.610s] 
[0.610s]   Could not find a package configuration file provided by "ament_cmake" with
[0.610s]   any of the following names:
[0.610s] 
[0.610s]     ament_cmakeConfig.cmake
[0.611s]     ament_cmake-config.cmake
[0.611s] 
[0.611s]   Add the installation prefix of "ament_cmake" to CMAKE_PREFIX_PATH or set
[0.611s]   "ament_cmake_DIR" to a directory containing one of the above files.  If
[0.611s]   "ament_cmake" provides a separate development package or SDK, be sure it
[0.611s]   has been installed.
[0.611s] 
[0.611s] [0m
[0.612s] -- Configuring incomplete, errors occurred!
[0.612s] See also "/home/ws/src/Overlord100-PathPlanner/build/turtlebot3_cartographer/CMakeFiles/CMakeOutput.log".
