[0.036s] Invoking command in '/home/ws/src/Overlord100-PathPlanner/build/turtlebot3_gazebo': CMAKE_PREFIX_PATH=/opt/ros/humble /usr/bin/cmake /home/ws/src/Overlord100-PathPlanner/src/turtlebot3/turtlebot3_simulations/turtlebot3_gazebo -DCMAKE_INSTALL_PREFIX=/home/ws/src/Overlord100-PathPlanner/install/turtlebot3_gazebo
[0.423s] -- Found ament_cmake: 1.3.9 (/opt/ros/humble/share/ament_cmake/cmake)
[0.423s] -- Found Python3: /usr/bin/python3 (found version "3.10.12") found components: Interpreter 
[0.456s] [31mCMake Error at CMakeLists.txt:23 (find_package):
[0.457s]   By not providing "Findgazebo.cmake" in CMAKE_MODULE_PATH this project has
[0.457s]   asked CMake to find a package configuration file provided by "gazebo", but
[0.457s]   CMake did not find one.
[0.457s] 
[0.457s]   Could not find a package configuration file provided by "gazebo" with any
[0.457s]   of the following names:
[0.457s] 
[0.457s]     gazeboConfig.cmake
[0.457s]     gazebo-config.cmake
[0.457s] 
[0.458s]   Add the installation prefix of "gazebo" to CMAKE_PREFIX_PATH or set
[0.458s]   "gazebo_DIR" to a directory containing one of the above files.  If "gazebo"
[0.458s]   provides a separate development package or SDK, be sure it has been
[0.458s]   installed.
[0.458s] 
[0.458s] [0m
[0.458s] -- Configuring incomplete, errors occurred!
[0.458s] See also "/home/ws/src/Overlord100-PathPlanner/build/turtlebot3_gazebo/CMakeFiles/CMakeOutput.log".
[0.460s] Invoked command in '/home/ws/src/Overlord100-PathPlanner/build/turtlebot3_gazebo' returned '1': CMAKE_PREFIX_PATH=/opt/ros/humble /usr/bin/cmake /home/ws/src/Overlord100-PathPlanner/src/turtlebot3/turtlebot3_simulations/turtlebot3_gazebo -DCMAKE_INSTALL_PREFIX=/home/ws/src/Overlord100-PathPlanner/install/turtlebot3_gazebo
