[0.022s] Invoking command in '/home/ws/src/Overlord100-PathPlanner/build/turtlebot3_gazebo': /usr/bin/cmake /home/ws/src/Overlord100-PathPlanner/src/turtlebot3/turtlebot3_simulations/turtlebot3_gazebo -DCMAKE_INSTALL_PREFIX=/home/ws/src/Overlord100-PathPlanner/install/turtlebot3_gazebo
[0.291s] -- The C compiler identification is GNU 11.4.0
[0.296s] -- The CXX compiler identification is GNU 11.4.0
[0.305s] -- Detecting C compiler ABI info
[0.400s] -- Detecting C compiler ABI info - done
[0.409s] -- Check for working C compiler: /usr/bin/cc - skipped
[0.410s] -- Detecting C compile features
[0.410s] -- Detecting C compile features - done
[0.415s] -- Detecting CXX compiler ABI info
[0.558s] -- Detecting CXX compiler ABI info - done
[0.572s] -- Check for working CXX compiler: /usr/bin/c++ - skipped
[0.572s] -- Detecting CXX compile features
[0.573s] -- Detecting CXX compile features - done
[0.607s] [31mCMake Error at CMakeLists.txt:22 (find_package):
[0.607s]   By not providing "Findament_cmake.cmake" in CMAKE_MODULE_PATH this project
[0.608s]   has asked CMake to find a package configuration file provided by
[0.608s]   "ament_cmake", but CMake did not find one.
[0.608s] 
[0.608s]   Could not find a package configuration file provided by "ament_cmake" with
[0.608s]   any of the following names:
[0.608s] 
[0.608s]     ament_cmakeConfig.cmake
[0.608s]     ament_cmake-config.cmake
[0.608s] 
[0.608s]   Add the installation prefix of "ament_cmake" to CMAKE_PREFIX_PATH or set
[0.608s]   "ament_cmake_DIR" to a directory containing one of the above files.  If
[0.608s]   "ament_cmake" provides a separate development package or SDK, be sure it
[0.608s]   has been installed.
[0.608s] 
[0.608s] [0m
[0.608s] -- Configuring incomplete, errors occurred!
[0.609s] See also "/home/ws/src/Overlord100-PathPlanner/build/turtlebot3_gazebo/CMakeFiles/CMakeOutput.log".
[0.612s] Invoked command in '/home/ws/src/Overlord100-PathPlanner/build/turtlebot3_gazebo' returned '1': /usr/bin/cmake /home/ws/src/Overlord100-PathPlanner/src/turtlebot3/turtlebot3_simulations/turtlebot3_gazebo -DCMAKE_INSTALL_PREFIX=/home/ws/src/Overlord100-PathPlanner/install/turtlebot3_gazebo
